<?xml version="1.0" encoding="UTF-8" ?>
<testsuite tests="4" failures="0" name="be.naturalsciences.bmdc.sensormlgenerator.SensorMLPrinterTest" time="4.065" errors="1" skipped="3">
  <properties>
[...]
</properties>
  <testcase classname="be.naturalsciences.bmdc.sensormlgenerator.SensorMLPrinterTest" name="testPrint" time="0">
    <skipped/>
  </testcase>
  <testcase classname="be.naturalsciences.bmdc.sensormlgenerator.SensorMLPrinterTest" name="testGetBuilder" time="0.007">
    <skipped/>
  </testcase>
  <testcase classname="be.naturalsciences.bmdc.sensormlgenerator.SensorMLPrinterTest" name="testCreateFile" time="0.007">
    <skipped/>
  </testcase>
  <testcase classname="be.naturalsciences.bmdc.sensormlgenerator.SensorMLPrinterTest" name="testGetResult" time="3.958">
    <error message="Cruise must have an Event collection." type="java.lang.IllegalArgumentException">java.lang.IllegalArgumentException: Cruise must have an Event collection.
	at be.naturalsciences.bmdc.sensormlgenerator.SensorMLBuilder.getMetadata(SensorMLBuilder.java:182)
	at be.naturalsciences.bmdc.sensormlgenerator.SensorMLPrinter.getResult(SensorMLPrinter.java:45)
	at be.naturalsciences.bmdc.sensormlgenerator.SensorMLPrinterTest.testGetResult(SensorMLPrinterTest.java:99)
	at sun.reflect.NativeMethodAccessorImpl.invoke0(Native Method)
	at sun.reflect.NativeMethodAccessorImpl.invoke(NativeMethodAccessorImpl.java:62)
	at sun.reflect.DelegatingMethodAccessorImpl.invoke(DelegatingMethodAccessorImpl.java:43)
	at java.lang.reflect.Method.invoke(Method.java:498)
	at org.junit.runners.model.FrameworkMethod$1.runReflectiveCall(FrameworkMethod.java:50)
	at org.junit.internal.runners.model.ReflectiveCallable.run(ReflectiveCallable.java:12)
	at org.junit.runners.model.FrameworkMethod.invokeExplosively(FrameworkMethod.java:47)
	at org.junit.internal.runners.statements.InvokeMethod.evaluate(InvokeMethod.java:17)
	at org.junit.internal.runners.statements.RunBefores.evaluate(RunBefores.java:26)
	at org.junit.internal.runners.statements.RunAfters.evaluate(RunAfters.java:27)
	at org.junit.runners.ParentRunner.runLeaf(ParentRunner.java:325)
	at org.junit.runners.BlockJUnit4ClassRunner.runChild(BlockJUnit4ClassRunner.java:78)
	at org.junit.runners.BlockJUnit4ClassRunner.runChild(BlockJUnit4ClassRunner.java:57)
	at org.junit.runners.ParentRunner$3.run(ParentRunner.java:290)
	at org.junit.runners.ParentRunner$1.schedule(ParentRunner.java:71)
	at org.junit.runners.ParentRunner.runChildren(ParentRunner.java:288)
	at org.junit.runners.ParentRunner.access$000(ParentRunner.java:58)
	at org.junit.runners.ParentRunner$2.evaluate(ParentRunner.java:268)
	at org.junit.internal.runners.statements.RunBefores.evaluate(RunBefores.java:26)
	at org.junit.internal.runners.statements.RunAfters.evaluate(RunAfters.java:27)
	at org.junit.runners.ParentRunner.run(ParentRunner.java:363)
	at org.apache.maven.surefire.junit4.JUnit4TestSet.execute(JUnit4TestSet.java:53)
	at org.apache.maven.surefire.junit4.JUnit4Provider.executeTestSet(JUnit4Provider.java:123)
	at org.apache.maven.surefire.junit4.JUnit4Provider.invoke(JUnit4Provider.java:104)
	at sun.reflect.NativeMethodAccessorImpl.invoke0(Native Method)
	at sun.reflect.NativeMethodAccessorImpl.invoke(NativeMethodAccessorImpl.java:62)
	at sun.reflect.DelegatingMethodAccessorImpl.invoke(DelegatingMethodAccessorImpl.java:43)
	at java.lang.reflect.Method.invoke(Method.java:498)
	at org.apache.maven.surefire.util.ReflectionUtils.invokeMethodWithArray(ReflectionUtils.java:164)
	at org.apache.maven.surefire.booter.ProviderFactory$ProviderProxy.invoke(ProviderFactory.java:110)
	at org.apache.maven.surefire.booter.SurefireStarter.invokeProvider(SurefireStarter.java:175)
	at org.apache.maven.surefire.booter.SurefireStarter.runSuitesInProcessWhenForked(SurefireStarter.java:107)
	at org.apache.maven.surefire.booter.ForkedBooter.main(ForkedBooter.java:68)
</error>
    <system-out>getResult
</system-out>
  </testcase>
</testsuite>