<?xml version="1.0" encoding="UTF-8" ?>
<testsuite tests="4" failures="0" name="be.naturalsciences.bmdc.sensormlgenerator.SensorMLPrinterTest" time="4.328" errors="0" skipped="2">
  <properties>
[...]
</properties>
  <testcase classname="be.naturalsciences.bmdc.sensormlgenerator.SensorMLPrinterTest" name="testPrint" time="0.095">
    <skipped/>
  </testcase>
  <testcase classname="be.naturalsciences.bmdc.sensormlgenerator.SensorMLPrinterTest" name="testGetPhysicalSystemResult" time="2.703"/>
  <testcase classname="be.naturalsciences.bmdc.sensormlgenerator.SensorMLPrinterTest" name="testGetPhysicalComponentResult" time="0.765"/>
  <testcase classname="be.naturalsciences.bmdc.sensormlgenerator.SensorMLPrinterTest" name="testCreateFile" time="0.765">
    <skipped/>
  </testcase>
</testsuite>